| Contract                                | Size (kB) | Margin (kB) |
|-----------------------------------------|-----------|-------------|
| Address                                 | 0.086     | 24.49       |
| ArrayReplaceLib                         | 0.086     | 24.49       |
| Ballot                                  | 0.086     | 24.49       |
| BaseGeneralConfig                       | 28.291    | -3.715      |
| BridgeOperatorsBallot                   | 0.166     | 24.41       |
| BridgeTrackingRecoveryLogic             | 0.913     | 23.663      |
| ECDSA                                   | 0.086     | 24.49       |
| ERC1967Proxy                            | 0.19      | 24.386      |
| ERC20                                   | 2.425     | 22.151      |
| ERC20PresetMinterPauser                 | 6.934     | 17.642      |
| EmergencyExitBallot                     | 0.086     | 24.49       |
| EnumFlags                               | 0.086     | 24.49       |
| EnumerableSet                           | 0.086     | 24.49       |
| ErrorHandler                            | 0.086     | 24.49       |
| FastFinalityTracking                    | 6.312     | 18.264      |
| Forwarder                               | 3.816     | 20.76       |
| GeneralConfig                           | 28.291    | -3.715      |
| GlobalProposal                          | 0.166     | 24.41       |
| HasBridgeDeprecated                     | 0.063     | 24.513      |
| HasBridgeTrackingDeprecated             | 0.063     | 24.513      |
| HasGovernanceAdminDeprecated            | 0.063     | 24.513      |
| HasMaintenanceDeprecated                | 0.063     | 24.513      |
| HasSlashIndicatorDeprecated             | 0.063     | 24.513      |
| HasStakingDeprecated                    | 0.063     | 24.513      |
| HasStakingVestingDeprecated             | 0.063     | 24.513      |
| HasTrustedOrgDeprecated                 | 0.063     | 24.513      |
| HasValidatorDeprecated                  | 0.063     | 24.513      |
| ISignatureValidatorConstants            | 0.063     | 24.513      |
| IsolatedGovernance                      | 0.086     | 24.49       |
| JSONParserLib                           | 0.086     | 24.49       |
| LibApplyCandidate                       | 0.086     | 24.49       |
| LibArray                                | 0.086     | 24.49       |
| LibArrayUtils                           | 0.086     | 24.49       |
| LibArtifact                             | 0.086     | 24.49       |
| LibDeploy                               | 0.086     | 24.49       |
| LibErrorHandler                         | 0.086     | 24.49       |
| LibIndexMap                             | 0.086     | 24.49       |
| LibPrecompile                           | 0.086     | 24.49       |
| LibProposal                             | 0.086     | 24.49       |
| LibProxy                                | 0.086     | 24.49       |
| LibSLA                                  | 0.086     | 24.49       |
| LibSharedAddress                        | 0.086     | 24.49       |
| LibSortValidatorsByBeacon               | 0.086     | 24.49       |
| LibSortValidatorsByBeaconOld            | 0.086     | 24.49       |
| LibString                               | 0.086     | 24.49       |
| LibTUint256Slot                         | 0.086     | 24.49       |
| LibVRFProof                             | 0.086     | 24.49       |
| LibWrapUpEpoch                          | 0.086     | 24.49       |
| Maintenance                             | 8.419     | 16.157      |
| Math                                    | 0.086     | 24.49       |
| MockActor                               | 0.344     | 24.232      |
| MockBridge                              | 1.319     | 23.257      |
| MockBridgeManager                       | 1.275     | 23.301      |
| MockBridgeSlash                         | 1.675     | 22.901      |
| MockBridgeTracking                      | 2.215     | 22.361      |
| MockConditionalImplementControl         | 2.2       | 22.376      |
| MockERC20                               | 3.772     | 20.804      |
| MockERC721                              | 4.197     | 20.379      |
| MockForwarderTarget                     | 1.5       | 23.076      |
| MockGatewayForTracking                  | 1.762     | 22.814      |
| MockLogicV1                             | 0.492     | 24.084      |
| MockLogicV2                             | 0.492     | 24.084      |
| MockLogicValidatorSetV1                 | 0.497     | 24.079      |
| MockLogicValidatorSetV2                 | 0.497     | 24.079      |
| MockPCUPickValidatorSet                 | 1.377     | 23.199      |
| MockPCUSortValidators                   | 1.161     | 23.415      |
| MockPCUValidateDoubleSign               | 0.952     | 23.624      |
| MockPCUValidateFastFinality             | 1.865     | 22.711      |
| MockPaymentFallback                     | 0.122     | 24.454      |
| MockPaymentFallbackExpensive            | 0.302     | 24.274      |
| MockPrecompile                          | 4.281     | 20.295      |
| MockProfile                             | 12.79     | 11.786      |
| MockRONTransferHelperConsumer_Berlin    | 0.442     | 24.134      |
| MockRONTransferHelperConsumer_Istanbul  | 0.442     | 24.134      |
| MockRoninValidatorSetExtended           | 28.974    | -4.398      |
| MockRoninValidatorSetOverridePrecompile | 28.197    | -3.621      |
| MockSlashIndicatorExtended              | 19.067    | 5.509       |
| MockSorting                             | 3.165     | 21.411      |
| MockStaking                             | 4.859     | 19.717      |
| MockTUint256Slot                        | 2.794     | 21.782      |
| MockTransfer                            | 0.508     | 24.068      |
| MockValidatorContract                   | 0.172     | 24.404      |
| MockValidatorSet                        | 0.477     | 24.099      |
| NotifiedMigrator                        | 2.868     | 21.708      |
| PRBMathUtils                            | 0.063     | 24.513      |
| Profile                                 | 12.386    | 12.19       |
| Profile_Mainnet                         | 12.267    | 12.309      |
| Proposal                                | 0.166     | 24.41       |
| ProxyAdmin                              | 1.882     | 22.694      |
| RoninGovernanceAdmin                    | 15.763    | 8.813       |
| RoninRandomBeacon_Devnet                | 17.718    | 6.858       |
| RoninRandomBeacon_Mainnet               | 17.619    | 6.957       |
| RoninRandomBeacon_Testnet               | 19.987    | 4.589       |
| RoninTrustedOrganization                | 10.372    | 14.204      |
| RoninValidatorSet                       | 24.124    | 0.452       |
| RoninValidatorSetREP10Migrator          | 2.957     | 21.619      |
| RoninValidatorSetTimedMigrator          | 3.602     | 20.974      |
| Safe                                    | 13.651    | 10.925      |
| SafeL2                                  | 14.116    | 10.46       |
| SafeMath                                | 0.086     | 24.49       |
| SlashIndicator                          | 15.407    | 9.169       |
| Sorting                                 | 0.086     | 24.49       |
| Staking                                 | 22.45     | 2.126       |
| StakingVesting                          | 3.483     | 21.093      |
| StdStyle                                | 0.086     | 24.49       |
| StorageSlot                             | 0.086     | 24.49       |
| Strings                                 | 0.086     | 24.49       |
| Token                                   | 0.214     | 24.362      |
| Transfer                                | 0.166     | 24.41       |
| TransparentProxyOZv4_9_5                | 2.429     | 22.147      |
| TransparentProxyV2                      | 2.632     | 21.944      |
| TransparentUpgradeableProxy             | 2.197     | 22.379      |
| TransparentUpgradeableProxyV2           | 2.515     | 22.061      |
| TransparentUpgradeableProxyV3           | 2.515     | 22.061      |
| VRF                                     | 0.063     | 24.513      |
| VaultForwarder                          | 4.191     | 20.385      |
| console                                 | 0.086     | 24.49       |
| console2                                | 0.086     | 24.49       |
| safeconsole                             | 0.086     | 24.49       |
| stdError                                | 0.654     | 23.922      |
| stdJson                                 | 0.086     | 24.49       |
| stdMath                                 | 0.086     | 24.49       |
| stdStorage                              | 0.086     | 24.49       |
| stdStorageSafe                          | 0.086     | 24.49       |
| stdToml                                 | 0.086     | 24.49       |

